<?xml version="1.0" encoding="UTF-8"?>
<!-- Generated by org.testng.reporters.JUnitXMLReporter -->
<testsuite ignored="0" hostname="MUKESH-PC" failures="0" tests="3" name="Default test" time="28.949" errors="0" timestamp="2023-05-03T00:21:29 IST">
  <testcase classname="driverFactory.TestDrive" name="ProductVerification" time="12.638"/>
  <testcase classname="driverFactory.TestDrive" name="addQuantity" time="3.004"/>
  <testcase classname="driverFactory.TestDrive" name="cartVerification" time="0.166"/>
</testsuite> <!-- Default test -->
